{
  "stats": {
    "suites": 2,
    "tests": 4,
    "passes": 4,
    "pending": 0,
    "failures": 0,
    "start": "2018-01-11T08:28:28.180Z",
    "end": "2018-01-11T08:28:28.272Z",
    "duration": 92,
    "testsRegistered": 4,
    "passPercent": 100,
    "pendingPercent": 0,
    "other": 0,
    "hasOther": false,
    "skipped": 0,
    "hasSkipped": false,
    "passPercentClass": "success",
    "pendingPercentClass": "danger"
  },
  "suites": {
    "uuid": "7c800245-ccd6-4d7b-ab12-07133c9b960d",
    "title": "",
    "fullFile": "",
    "file": "",
    "beforeHooks": [],
    "afterHooks": [],
    "tests": [],
    "suites": [
      {
        "uuid": "ecc35258-568c-4231-b67e-8f09ed2c0118",
        "title": "API Tests",
        "fullFile": "/Users/Lqi/qilei/study/node-api/test/api.test.js",
        "file": "/test/api.test.js",
        "beforeHooks": [],
        "afterHooks": [],
        "tests": [],
        "suites": [
          {
            "uuid": "3da5b98f-b4b4-48f1-82df-db0349e0fb5f",
            "title": "## the bear api test",
            "fullFile": "/Users/Lqi/qilei/study/node-api/test/api.test.js",
            "file": "/test/api.test.js",
            "beforeHooks": [],
            "afterHooks": [],
            "tests": [
              {
                "title": " the get / request should return something ",
                "fullTitle": "API Tests ## the bear api test  the get / request should return something ",
                "timedOut": false,
                "duration": 20,
                "state": "passed",
                "speed": "fast",
                "pass": true,
                "fail": false,
                "pending": false,
                "code": "const res= await request(app)\n  .get('/')\n  .set('Accept', 'application/json');\n  expect(res.statusCode).to.equal(200);\n   expect(res.body).deep.equal({ message: 'hooray! welcome to our api!' });\n  const resBody=res.body;\n  console.log(resBody);\n  // expect(resBody[0]).deep.equal({ _id: '5a56305c4f9d4e24750eb5ac', name: 'Jqwe', __v: 0 });",
                "err": {},
                "isRoot": false,
                "uuid": "2ad2bba4-4e3b-4312-b8cf-280e6bca9731",
                "isHook": false,
                "skipped": false
              },
              {
                "title": " the get /bears request should return all bears ",
                "fullTitle": "API Tests ## the bear api test  the get /bears request should return all bears ",
                "timedOut": false,
                "duration": 16,
                "state": "passed",
                "speed": "fast",
                "pass": true,
                "fail": false,
                "pending": false,
                "code": "const res= await request(app)\n  .get('/bears')\n  .set('Accept', 'application/json');\n  expect(res.statusCode).to.equal(200);\n  // expect(res.body.name).to.equal('integration test');\n  const resBody=res.body;\n  expect(resBody[0]).deep.equal({ _id: '5a56305c4f9d4e24750eb5ac', name: 'Jqwe', __v: 0 });",
                "err": {},
                "isRoot": false,
                "uuid": "af6b66f5-4035-4a7a-9dcb-158690547494",
                "isHook": false,
                "skipped": false
              },
              {
                "title": " the post /bears request with name should return create successful ",
                "fullTitle": "API Tests ## the bear api test  the post /bears request with name should return create successful ",
                "timedOut": false,
                "duration": 24,
                "state": "passed",
                "speed": "fast",
                "pass": true,
                "fail": false,
                "pending": false,
                "code": "const res= await request(app)\n  .post('/bears')\n  .set('Accept', 'application/json')\n  .send({name: '1a'});\n  \n  expect(res.statusCode).to.equal(400);\n  const resBody=res.body;\n   expect(resBody[0].msg).equal('Name must have only alphabetical characters.');",
                "err": {},
                "isRoot": false,
                "uuid": "4afb98f5-c852-49f5-9096-face101533c6",
                "isHook": false,
                "skipped": false
              },
              {
                "title": " the get /bears request with name should return the right result successful ",
                "fullTitle": "API Tests ## the bear api test  the get /bears request with name should return the right result successful ",
                "timedOut": false,
                "duration": 6,
                "state": "passed",
                "speed": "fast",
                "pass": true,
                "fail": false,
                "pending": false,
                "code": "const res= await request(app)\n  .get('/bears')\n  .set('Accept', 'application/json')\n  .query({bear_name: 'Jqwe'});\n  \n  expect(res.statusCode).to.equal(200);\n  const resBody=res.body;\n  console.log(resBody);\n  expect(resBody).deep.equal({ _id: '5a56305c4f9d4e24750eb5ac', name: 'Jqwe', __v: 0 });",
                "err": {},
                "isRoot": false,
                "uuid": "03340260-33e6-4858-8614-6a0e9cd7ee9d",
                "isHook": false,
                "skipped": false
              }
            ],
            "suites": [],
            "passes": [
              "2ad2bba4-4e3b-4312-b8cf-280e6bca9731",
              "af6b66f5-4035-4a7a-9dcb-158690547494",
              "4afb98f5-c852-49f5-9096-face101533c6",
              "03340260-33e6-4858-8614-6a0e9cd7ee9d"
            ],
            "failures": [],
            "pending": [],
            "skipped": [],
            "duration": 66,
            "root": false,
            "rootEmpty": false,
            "_timeout": 2000
          }
        ],
        "passes": [],
        "failures": [],
        "pending": [],
        "skipped": [],
        "duration": 0,
        "root": false,
        "rootEmpty": false,
        "_timeout": 2000
      }
    ],
    "passes": [],
    "failures": [],
    "pending": [],
    "skipped": [],
    "duration": 0,
    "root": true,
    "rootEmpty": true,
    "_timeout": 2000
  },
  "copyrightYear": 2018
}